build/app/outputs/mapping/debug/seeds.txt
com.resustainability.appmintresus.MainActivity
com.resustainability.appmintresus.MainActivity: MainActivity()
...
com.pichillilorenzo.flutter_inappwebview.in_app_webview.InAppWebView$4$1: void onReceiveValue(java.lang.Object)
org.chromium.support_lib_boundary.StaticsBoundaryInterface: void setSafeBrowsingWhitelist(java.util.List,android.webkit.ValueCallback)
androidx.appcompat.widget.AppCompatImageView: void setImageURI(android.net.Uri)
androidx.appcompat.widget.AppCompatCheckBox: void setSupportCompoundDrawablesTintList(android.content.res.ColorStateList)
io.flutter.embedding.engine.renderer.FlutterRenderer$ImageReaderSurfaceProducer: void waitOnFence(android.media.Image)
io.flutter.embedding.engine.renderer.FlutterRenderer$ImageTextureRegistryEntry: long id()
com.pichillilorenzo.flutter_inappwebview.types.NavigationAction: boolean isForMainFrame()
com.pichillilorenzo.flutter_inappwebview.in_app_webview.InAppWebViewChromeClient$4: InAppWebViewChromeClient$4(com.pichillilorenzo.flutter_inappwebview.in_app_webview.InAppWebViewChromeClient,android.webkit.JsResult,android.webkit.WebView,java.lang.String)
com.dexterous.flutterlocalnotifications.utils.BooleanUtils: boolean getValue(java.lang.Boolean)
com.pichillilorenzo.flutter_inappwebview.types.UserContentController: java.lang.String generateWrappedCodeForDocumentEnd()
com.pichillilorenzo.flutter_inappwebview.in_app_webview.InAppWebView: void loadFile(java.lang.String)
com.pichillilorenzo.flutter_inappwebview.types.WebMessagePort$2: WebMessagePort$2(com.pichillilorenzo.flutter_inappwebview.types.WebMessagePort,android.webkit.ValueCallback)
com.pichillilorenzo.flutter_inappwebview.types.InAppWebViewInterface: void injectJavascriptFileFromUrl(java.lang.String,java.util.Map)
org.chromium.support_lib_boundary.WebSettingsBoundaryInterface: void setRequestedWithHeaderMode(int)
com.pichillilorenzo.flutter_inappwebview.in_app_webview.InAppWebViewClient: InAppWebViewClient(io.flutter.plugin.common.MethodChannel,com.pichillilorenzo.flutter_inappwebview.in_app_browser.InAppBrowserDelegate)
io.flutter.plugins.imagepicker.ImagePickerFileProvider: ImagePickerFileProvider()
androidx.core.graphics.drawable.IconCompat$Api23Impl: android.graphics.drawable.Drawable loadDrawable(android.graphics.drawable.Icon,android.content.Context)
com.pichillilorenzo.flutter_inappwebview.MyCookieManager$3: MyCookieManager$3(com.pichillilorenzo.flutter_inappwebview.MyCookieManager,io.flutter.plugin.common.MethodChannel$Result)
io.flutter.embedding.engine.FlutterJNI: long nativeAttach(io.flutter.embedding.engine.FlutterJNI)
io.sentry.SentryOptions: void setEnvelopeReader(io.sentry.IEnvelopeReader)
id.flutter.flutter_background_service.Config: void setForegroundNotificationId(int)
io.sentry.SentryOptions: void setPrintUncaughtStackTrace(boolean)
androidx.browser.customtabs.CustomTabsServiceConnection: android.content.Context getApplicationContext()
com.pichillilorenzo.flutter_inappwebview.in_app_webview.InAppWebViewClient: void doUpdateVisitedHistory(android.webkit.WebView,java.lang.String,boolean)
androidx.core.app.RemoteInput$Api29Impl: int getEditChoicesBeforeSending(java.lang.Object)
com.pichillilorenzo.flutter_inappwebview.types.NavigationActionPolicy: NavigationActionPolicy(java.lang.String,int,int)
okio.Okio: Okio()
okhttp3.Protocol: okhttp3.Protocol[] values()
androidx.core.view.WindowInsetsCompat$Impl20: androidx.core.graphics.Insets getInsets(int)
org.chromium.support_lib_boundary.WebViewClientBoundaryInterface: void onReceivedHttpError(android.webkit.WebView,android.webkit.WebResourceRequest,android.webkit.WebResourceResponse)
io.sentry.SentryOptions: boolean isProfilingEnabled()
io.sentry.SentryOptions: void setTracesSampleRate(java.lang.Double)
com.pichillilorenzo.flutter_inappwebview.in_app_browser.ActivityResultListener: boolean onActivityResult(int,int,android.content.Intent)
androidx.core.location.LocationCompat$Api26Impl: boolean hasVerticalAccuracy(android.location.Location)
androidx.core.content.FileProvider: int delete(android.net.Uri,java.lang.String,java.lang.String[])