build/app/outputs/mapping/debug/mapping.txt
# compiler: R8
# compiler_version: 3.3.83
# min_api: 21
# common_typos_disable
# {"id":"com.android.tools.r8.mapping","version":"2.0"}
# pg_map_id: 8c2ec9e
# pg_map_hash: SHA-256 8c2ec9efd990bef5f27002e12036412f53bffecddd3119eefce1883c907cc09b
com.resustainability.appmintresus.MainActivity -> com.resustainability.appmintresus.MainActivity:
# {"id":"sourceFile","fileName":"MainActivity.kt"}
    5:5:void <init>() -> <init>
...
com.google.android.gms.internal.auth.zzby -> com.google.android.gms.internal.auth.zzby:
# {"id":"sourceFile","fileName":"com.google.android.gms:play-services-auth-base@@18.0.10"}
    1:61:void <clinit>() -> <clinit>
    1:1:void <init>(java.lang.String,int,java.lang.String) -> <init>
    1:1:com.google.android.gms.internal.auth.zzby[] values() -> values
    1:2:com.google.android.gms.internal.auth.zzby zza(java.lang.String) -> zza
com.google.android.gms.internal.auth.zzc -> com.google.android.gms.internal.auth.zzc:
# {"id":"sourceFile","fileName":"com.google.android.gms:play-services-auth-base@@18.0.10"}
    1:1:void <clinit>() -> <clinit>
    1:2:android.os.Parcelable zza(android.os.Parcel,android.os.Parcelable$Creator) -> zza
    1:2:void zzb(android.os.Parcel) -> zzb
    1:3:void zzc(android.os.Parcel,android.os.Parcelable) -> zzc
    1:2:void zzd(android.os.Parcel,android.os.IInterface) -> zzd
com.google.android.gms.internal.auth.zzca -> com.google.android.gms.internal.auth.zzca:
# {"id":"sourceFile","fileName":"com.google.android.gms:play-services-auth-base@@18.0.10"}
    1:1:void <init>(android.os.Handler) -> <init>
    1:1:void onChange(boolean) -> onChange
com.google.android.gms.internal.auth.zzcb -> com.google.android.gms.internal.auth.zzcb:
# {"id":"sourceFile","fileName":"com.google.android.gms:play-services-auth-base@@18.0.10"}
    1:7:void <clinit>() -> <clinit>
    1:43:java.lang.String zza(android.content.ContentResolver,java.lang.String,java.lang.String) -> zza
    1:2:void zzc(java.lang.Object,java.lang.String,java.lang.String) -> zzc
com.google.android.gms.internal.auth.zzcc -> com.google.android.gms.internal.auth.zzcc:
# {"id":"sourceFile","fileName":"com.google.android.gms:play-services-auth-base@@18.0.10"}
    1:6:boolean zza(android.content.Context) -> zza
com.google.android.gms.internal.auth.zzcc$$ExternalSyntheticApiModelOutline0 -> com.google.android.gms.internal.auth.zzcc$$ExternalSyntheticApiModelOutline0:
# {"id":"sourceFile","fileName":"R8$$SyntheticClass"}
# {"id":"com.android.tools.r8.synthesized"}
    boolean com.google.android.gms.internal.auth.zzcc$$InternalSyntheticApiModelOutline$3$9f7e95c9e7711a4974748465194e611cea392d767a6025276f34b808478eac70$1.m(android.os.UserManager) -> m
      # {"id":"com.android.tools.r8.synthesized"}
com.google.android.gms.internal.auth.zzcd -> com.google.android.gms.internal.auth.zzcd:
# {"id":"sourceFile","fileName":"com.google.android.gms:play-services-auth-base@@18.0.10"}
    1:3:boolean equals(java.lang.Object) -> equals
    1:2:int hashCode() -> hashCode
    1:1:java.lang.String toString() -> toString
com.google.android.gms.internal.auth.zzce -> com.google.android.gms.internal.auth.zzce:
# {"id":"sourceFile","fileName":"com.google.android.gms:play-services-auth-base@@18.0.10"}
com.google.android.gms.internal.auth.zzcf -> com.google.android.gms.internal.auth.zzcf:
# {"id":"sourceFile","fileName":"com.google.android.gms:play-services-auth-base@@18.0.10"}
    1:1:void <init>(com.google.android.gms.internal.auth.zzcg,android.os.Handler) -> <init>
    1:1:void onChange(boolean) -> onChange
com.google.android.gms.internal.auth.zzcg -> com.google.android.gms.internal.auth.zzcg:
# {"id":"sourceFile","fileName":"com.google.android.gms:play-services-auth-base@@18.0.10"}
    1:1:void <clinit>() -> <clinit>
    1:5:void <init>(android.content.ContentResolver,android.net.Uri,java.lang.Runnable) -> <init>
    1:5:com.google.android.gms.internal.auth.zzcg zza(android.content.ContentResolver,android.net.Uri,java.lang.Runnable) -> zza
    1:9:java.lang.Object zzb(java.lang.String) -> zzb
    1:10:java.util.Map zzc() -> zzc
    0:3:void zzd() -> zzd
    1:6:void zze() -> zze
com.google.android.gms.internal.auth.zzch -> com.google.android.gms.internal.auth.zzch:
# {"id":"sourceFile","fileName":"com.google.android.gms:play-services-auth-base@@18.0.10"}