build/app/outputs/mapping/debug/usage.txt
com.resustainability.appmintresus.BuildConfig
com.resustainability.appmintresus.R$anim
com.resustainability.appmintresus.R$animator
com.resustainability.appmintresus.R$attr
com.resustainability.appmintresus.R$bool
com.resustainability.appmintresus.R$color
com.resustainability.appmintresus.R$dimen
com.resustainability.appmintresus.R$drawable
com.resustainability.appmintresus.R$id
com.resustainability.appmintresus.R$integer
com.resustainability.appmintresus.R$interpolator
com.resustainability.appmintresus.R$layout
com.resustainability.appmintresus.R$menu
com.resustainability.appmintresus.R$mipmap
com.resustainability.appmintresus.R$string
com.resustainability.appmintresus.R$style
com.resustainability.appmintresus.R$styleable
com.resustainability.appmintresus.R$xml
com.resustainability.appmintresus.R
...
androidx.appcompat.view.menu.MenuBuilder:
    private static final java.lang.String ACTION_VIEW_STATES_KEY
    private static final java.lang.String EXPANDED_ACTION_VIEW_ID
    private static final java.lang.String PRESENTER_KEY
    private static final java.lang.String TAG
    public void clearAll()
    private void dispatchRestoreInstanceState(android.os.Bundle)
    private void dispatchSaveInstanceState(android.os.Bundle)
    public void removeItemAt(int)
    public void restorePresenterStates(android.os.Bundle)
    public void savePresenterStates(android.os.Bundle)
    public void setCurrentMenuInfo(android.view.ContextMenu$ContextMenuInfo)
    public void setOptionalIconsVisible(boolean)
    public void setShortcutsVisible(boolean)
androidx.appcompat.view.menu.MenuDialogHelper:
    public void setPresenterCallback(androidx.appcompat.view.menu.MenuPresenter$Callback)
androidx.appcompat.view.menu.MenuHelper
androidx.appcompat.view.menu.MenuItemImpl:
    private static final int CHECKABLE
    private static final int CHECKED
    private static final int ENABLED
    private static final int EXCLUSIVE
    private static final int HIDDEN
    private static final int IS_ACTION
    static final int NO_ICON
    private static final int SHOW_AS_ACTION_MASK
    private static final java.lang.String TAG
    java.lang.Runnable getCallback()
    public boolean requiresOverflow()
    public android.view.MenuItem setCallback(java.lang.Runnable)
androidx.appcompat.view.menu.MenuItemWrapperICS$ActionProviderWrapperJB:
    public void refreshVisibility()
androidx.appcompat.view.menu.MenuItemWrapperICS:
    static final java.lang.String LOG_TAG
androidx.appcompat.view.menu.MenuPopup:
    public int getId()
    public androidx.appcompat.view.menu.MenuView getMenuView(android.view.ViewGroup)
androidx.appcompat.view.menu.MenuPopupHelper$Api17Impl:
    private void <init>()
androidx.appcompat.view.menu.MenuPopupHelper:
    private static final int TOUCH_EPICENTER_SIZE_DP
    public void <init>(android.content.Context,androidx.appcompat.view.menu.MenuBuilder)
    public void <init>(android.content.Context,androidx.appcompat.view.menu.MenuBuilder,android.view.View)
    public int getGravity()
    public android.widget.ListView getListView()
    public void show(int,int)
androidx.appcompat.view.menu.MenuPresenter:
    public abstract int getId()
    public abstract androidx.appcompat.view.menu.MenuView getMenuView(android.view.ViewGroup)
    public abstract void onRestoreInstanceState(android.os.Parcelable)
    public abstract android.os.Parcelable onSaveInstanceState()
androidx.appcompat.view.menu.MenuView$ItemView:
    public abstract void setCheckable(boolean)
    public abstract void setChecked(boolean)
    public abstract void setEnabled(boolean)
    public abstract void setIcon(android.graphics.drawable.Drawable)
    public abstract void setShortcut(boolean,char)
    public abstract void setTitle(java.lang.CharSequence)
    public abstract boolean showsIcon()
androidx.appcompat.view.menu.MenuView:
    public abstract int getWindowAnimations()
androidx.appcompat.view.menu.StandardMenuPopup:
    public void onRestoreInstanceState(android.os.Parcelable)
    public android.os.Parcelable onSaveInstanceState()
androidx.appcompat.view.menu.SubMenuBuilder:
    public void setShortcutsVisible(boolean)
androidx.appcompat.widget.AbsActionBarView$1
androidx.appcompat.widget.AbsActionBarView:
    private static final int FADE_DURATION
    void <init>(android.content.Context)
    public void animateToVisibility(int)
    public boolean canShowOverflowMenu()
    public void dismissPopupMenus()
    public boolean hideOverflowMenu()
    public boolean isOverflowMenuShowPending()
    public boolean isOverflowMenuShowing()
    public boolean isOverflowReserved()
    public void postShowOverflowMenu()
    public boolean showOverflowMenu()
androidx.appcompat.widget.ActionBarBackgroundDrawable$Api21Impl:
    private void <init>()